2021-04-16;10:05:48 [restartedMain] INFO  com.example.showcase.ShowcaseApplication -- Starting ShowcaseApplication using Java 1.8.0_111 on Deepak3144371 with PID 15324 (D:\source\Learn\showcase\target\classes started by deepakjain01 in D:\source\Learn\showcase)
2021-04-16;10:05:48 [restartedMain] INFO  com.example.showcase.ShowcaseApplication -- No active profile set, falling back to default profiles: default
2021-04-16;10:05:48 [restartedMain] INFO  org.springframework.boot.devtools.env.DevToolsPropertyDefaultsPostProcessor -- Devtools property defaults active! Set 'spring.devtools.add-properties' to 'false' to disable
2021-04-16;10:05:48 [restartedMain] INFO  org.springframework.boot.devtools.env.DevToolsPropertyDefaultsPostProcessor -- For additional web related logging consider setting the 'logging.level.web' property to 'DEBUG'
2021-04-16;10:05:49 [restartedMain] INFO  org.springframework.data.repository.config.RepositoryConfigurationDelegate -- Bootstrapping Spring Data JDBC repositories in DEFAULT mode.
2021-04-16;10:05:49 [restartedMain] INFO  org.springframework.data.repository.config.RepositoryConfigurationDelegate -- Finished Spring Data repository scanning in 12 ms. Found 0 JDBC repository interfaces.
2021-04-16;10:05:51 [restartedMain] INFO  org.springframework.boot.web.embedded.tomcat.TomcatWebServer -- Tomcat initialized with port(s): 8080 (http)
2021-04-16;10:05:51 [restartedMain] INFO  org.apache.coyote.http11.Http11NioProtocol -- Initializing ProtocolHandler ["http-nio-8080"]
2021-04-16;10:05:51 [restartedMain] INFO  org.apache.catalina.core.StandardService -- Starting service [Tomcat]
2021-04-16;10:05:51 [restartedMain] INFO  org.apache.catalina.core.StandardEngine -- Starting Servlet engine: [Apache Tomcat/9.0.44]
2021-04-16;10:05:51 [restartedMain] INFO  org.apache.catalina.core.ContainerBase.[Tomcat].[localhost].[/] -- Initializing Spring embedded WebApplicationContext
2021-04-16;10:05:51 [restartedMain] INFO  org.springframework.boot.web.servlet.context.ServletWebServerApplicationContext -- Root WebApplicationContext: initialization completed in 2902 ms
2021-04-16;10:05:51 [restartedMain] INFO  com.zaxxer.hikari.HikariDataSource -- HikariPool-1 - Starting...
2021-04-16;10:05:51 [restartedMain] INFO  com.zaxxer.hikari.HikariDataSource -- HikariPool-1 - Start completed.
2021-04-16;10:05:51 [restartedMain] INFO  org.springframework.boot.autoconfigure.h2.H2ConsoleAutoConfiguration -- H2 console available at '/h2-console'. Database available at 'jdbc:h2:mem:springboot_h2'
2021-04-16;10:05:51 [restartedMain] INFO  org.springframework.boot.devtools.autoconfigure.OptionalLiveReloadServer -- LiveReload server is running on port 35729
2021-04-16;10:05:52 [restartedMain] INFO  org.springframework.security.web.DefaultSecurityFilterChain -- Will secure any request with [org.springframework.security.web.context.request.async.WebAsyncManagerIntegrationFilter@347d0e47, org.springframework.security.web.context.SecurityContextPersistenceFilter@7dc0a5e5, org.springframework.security.web.header.HeaderWriterFilter@9f6bdcd, org.springframework.security.web.authentication.logout.LogoutFilter@710a0d15, org.springframework.security.web.authentication.www.BasicAuthenticationFilter@39488982, org.springframework.security.web.savedrequest.RequestCacheAwareFilter@1deeae5a, org.springframework.security.web.servletapi.SecurityContextHolderAwareRequestFilter@7a4ddba2, org.springframework.security.web.authentication.AnonymousAuthenticationFilter@70d8cb4b, org.springframework.security.web.session.SessionManagementFilter@3f50bcf4, org.springframework.security.web.access.ExceptionTranslationFilter@c9e100a, org.springframework.security.web.access.intercept.FilterSecurityInterceptor@6919a70a]
2021-04-16;10:05:52 [restartedMain] INFO  springfox.documentation.spring.web.PropertySourcedRequestMappingHandlerMapping -- Mapped URL path [/v2/api-docs] onto method [springfox.documentation.swagger2.web.Swagger2Controller#getDocumentation(String, HttpServletRequest)]
2021-04-16;10:05:52 [restartedMain] INFO  org.springframework.scheduling.concurrent.ThreadPoolTaskExecutor -- Initializing ExecutorService 'applicationTaskExecutor'
2021-04-16;10:05:53 [restartedMain] INFO  org.springframework.scheduling.concurrent.ThreadPoolTaskScheduler -- Initializing ExecutorService 'taskScheduler'
2021-04-16;10:05:53 [restartedMain] INFO  org.apache.coyote.http11.Http11NioProtocol -- Starting ProtocolHandler ["http-nio-8080"]
2021-04-16;10:05:53 [restartedMain] INFO  org.springframework.boot.web.embedded.tomcat.TomcatWebServer -- Tomcat started on port(s): 8080 (http) with context path ''
2021-04-16;10:05:53 [restartedMain] INFO  springfox.documentation.spring.web.plugins.DocumentationPluginsBootstrapper -- Context refreshed
2021-04-16;10:05:53 [restartedMain] INFO  springfox.documentation.spring.web.plugins.DocumentationPluginsBootstrapper -- Found 1 custom documentation plugin(s)
2021-04-16;10:05:53 [restartedMain] INFO  springfox.documentation.spring.web.scanners.ApiListingReferenceScanner -- Scanning for api listing references
2021-04-16;10:05:53 [restartedMain] INFO  com.example.showcase.ShowcaseApplication -- Started ShowcaseApplication in 5.964 seconds (JVM running for 6.795)
2021-04-16;10:06:23 [scheduling-1] INFO  com.example.showcase.job.UserJob -- User count 2
2021-04-16;10:06:26 [scheduling-1] INFO  com.example.showcase.job.UserJob -- User count 2
2021-04-16;10:06:29 [scheduling-1] INFO  com.example.showcase.job.UserJob -- User count 2
2021-04-16;10:06:32 [scheduling-1] INFO  com.example.showcase.job.UserJob -- User count 2
2021-04-16;10:06:35 [scheduling-1] INFO  com.example.showcase.job.UserJob -- User count 2
2021-04-16;10:06:38 [scheduling-1] INFO  com.example.showcase.job.UserJob -- User count 2
2021-04-16;10:06:41 [scheduling-1] INFO  com.example.showcase.job.UserJob -- User count 2
2021-04-16;12:04:41 [restartedMain] INFO  com.example.showcase.ShowcaseApplication -- Starting ShowcaseApplication using Java 1.8.0_111 on Deepak3144371 with PID 1412 (D:\source\Learn\showcase\target\classes started by deepakjain01 in D:\source\Learn\showcase)
2021-04-16;12:04:41 [restartedMain] INFO  com.example.showcase.ShowcaseApplication -- No active profile set, falling back to default profiles: default
2021-04-16;12:04:41 [restartedMain] INFO  org.springframework.boot.devtools.env.DevToolsPropertyDefaultsPostProcessor -- Devtools property defaults active! Set 'spring.devtools.add-properties' to 'false' to disable
2021-04-16;12:04:41 [restartedMain] INFO  org.springframework.boot.devtools.env.DevToolsPropertyDefaultsPostProcessor -- For additional web related logging consider setting the 'logging.level.web' property to 'DEBUG'
2021-04-16;12:04:43 [restartedMain] INFO  org.springframework.data.repository.config.RepositoryConfigurationDelegate -- Bootstrapping Spring Data JDBC repositories in DEFAULT mode.
2021-04-16;12:04:43 [restartedMain] INFO  org.springframework.data.repository.config.RepositoryConfigurationDelegate -- Finished Spring Data repository scanning in 9 ms. Found 0 JDBC repository interfaces.
2021-04-16;12:04:44 [restartedMain] INFO  org.springframework.boot.web.embedded.tomcat.TomcatWebServer -- Tomcat initialized with port(s): 8080 (http)
2021-04-16;12:04:44 [restartedMain] INFO  org.apache.coyote.http11.Http11NioProtocol -- Initializing ProtocolHandler ["http-nio-8080"]
2021-04-16;12:04:44 [restartedMain] INFO  org.apache.catalina.core.StandardService -- Starting service [Tomcat]
2021-04-16;12:04:44 [restartedMain] INFO  org.apache.catalina.core.StandardEngine -- Starting Servlet engine: [Apache Tomcat/9.0.44]
2021-04-16;12:04:44 [restartedMain] INFO  org.apache.catalina.core.ContainerBase.[Tomcat].[localhost].[/] -- Initializing Spring embedded WebApplicationContext
2021-04-16;12:04:44 [restartedMain] INFO  org.springframework.boot.web.servlet.context.ServletWebServerApplicationContext -- Root WebApplicationContext: initialization completed in 2976 ms
2021-04-16;12:04:44 [restartedMain] INFO  com.zaxxer.hikari.HikariDataSource -- HikariPool-1 - Starting...
2021-04-16;12:04:45 [restartedMain] INFO  com.zaxxer.hikari.HikariDataSource -- HikariPool-1 - Start completed.
2021-04-16;12:04:45 [restartedMain] INFO  org.springframework.boot.autoconfigure.h2.H2ConsoleAutoConfiguration -- H2 console available at '/h2-console'. Database available at 'jdbc:h2:mem:springboot_h2'
2021-04-16;12:04:45 [restartedMain] INFO  org.springframework.boot.devtools.autoconfigure.OptionalLiveReloadServer -- LiveReload server is running on port 35729
2021-04-16;12:04:46 [restartedMain] INFO  org.springframework.security.web.DefaultSecurityFilterChain -- Will secure any request with [org.springframework.security.web.context.request.async.WebAsyncManagerIntegrationFilter@24c39fac, org.springframework.security.web.context.SecurityContextPersistenceFilter@47aa4434, org.springframework.security.web.header.HeaderWriterFilter@6e215962, org.springframework.security.web.authentication.logout.LogoutFilter@5ff5dd5b, org.springframework.security.web.authentication.www.BasicAuthenticationFilter@58dcd4db, org.springframework.security.web.savedrequest.RequestCacheAwareFilter@71c971d3, org.springframework.security.web.servletapi.SecurityContextHolderAwareRequestFilter@32b33616, org.springframework.security.web.authentication.AnonymousAuthenticationFilter@527d5326, org.springframework.security.web.session.SessionManagementFilter@4a217326, org.springframework.security.web.access.ExceptionTranslationFilter@3b7f8d43, org.springframework.security.web.access.intercept.FilterSecurityInterceptor@4207dbfe]
2021-04-16;12:04:46 [restartedMain] INFO  springfox.documentation.spring.web.PropertySourcedRequestMappingHandlerMapping -- Mapped URL path [/v2/api-docs] onto method [springfox.documentation.swagger2.web.Swagger2Controller#getDocumentation(String, HttpServletRequest)]
2021-04-16;12:04:46 [restartedMain] INFO  org.springframework.scheduling.concurrent.ThreadPoolTaskExecutor -- Initializing ExecutorService 'applicationTaskExecutor'
2021-04-16;12:04:46 [restartedMain] INFO  org.springframework.scheduling.concurrent.ThreadPoolTaskScheduler -- Initializing ExecutorService 'taskScheduler'
2021-04-16;12:04:47 [restartedMain] INFO  org.apache.coyote.http11.Http11NioProtocol -- Starting ProtocolHandler ["http-nio-8080"]
2021-04-16;12:04:47 [restartedMain] INFO  org.springframework.boot.web.embedded.tomcat.TomcatWebServer -- Tomcat started on port(s): 8080 (http) with context path ''
2021-04-16;12:04:47 [restartedMain] INFO  springfox.documentation.spring.web.plugins.DocumentationPluginsBootstrapper -- Context refreshed
2021-04-16;12:04:47 [restartedMain] INFO  springfox.documentation.spring.web.plugins.DocumentationPluginsBootstrapper -- Found 1 custom documentation plugin(s)
2021-04-16;12:04:47 [restartedMain] INFO  springfox.documentation.spring.web.scanners.ApiListingReferenceScanner -- Scanning for api listing references
2021-04-16;12:04:47 [restartedMain] INFO  com.example.showcase.ShowcaseApplication -- Started ShowcaseApplication in 6.22 seconds (JVM running for 7.087)
2021-04-16;12:05:17 [scheduling-1] INFO  com.example.showcase.job.UserJob -- User count 2
2021-04-16;12:05:20 [scheduling-1] INFO  com.example.showcase.job.UserJob -- User count 2
2021-04-16;12:05:23 [scheduling-1] INFO  com.example.showcase.job.UserJob -- User count 2
2021-04-16;12:05:26 [scheduling-1] INFO  com.example.showcase.job.UserJob -- User count 2
2021-04-16;12:05:29 [scheduling-1] INFO  com.example.showcase.job.UserJob -- User count 2
2021-04-16;12:05:32 [scheduling-1] INFO  com.example.showcase.job.UserJob -- User count 2
2021-04-16;12:05:35 [scheduling-1] INFO  com.example.showcase.job.UserJob -- User count 2
2021-04-16;12:05:38 [scheduling-1] INFO  com.example.showcase.job.UserJob -- User count 2
2021-04-16;12:05:41 [scheduling-1] INFO  com.example.showcase.job.UserJob -- User count 2
2021-04-16;12:05:44 [scheduling-1] INFO  com.example.showcase.job.UserJob -- User count 2
2021-04-16;12:05:47 [scheduling-1] INFO  com.example.showcase.job.UserJob -- User count 2
2021-04-16;12:05:50 [scheduling-1] INFO  com.example.showcase.job.UserJob -- User count 2
2021-04-16;12:05:53 [scheduling-1] INFO  com.example.showcase.job.UserJob -- User count 2
2021-04-16;12:05:56 [scheduling-1] INFO  com.example.showcase.job.UserJob -- User count 2
2021-04-16;12:08:11 [restartedMain] INFO  com.example.showcase.ShowcaseApplication -- Starting ShowcaseApplication using Java 1.8.0_111 on Deepak3144371 with PID 1980 (D:\source\Learn\showcase\target\classes started by deepakjain01 in D:\source\Learn\showcase)
2021-04-16;12:08:11 [restartedMain] INFO  com.example.showcase.ShowcaseApplication -- No active profile set, falling back to default profiles: default
2021-04-16;12:08:11 [restartedMain] INFO  org.springframework.boot.devtools.env.DevToolsPropertyDefaultsPostProcessor -- Devtools property defaults active! Set 'spring.devtools.add-properties' to 'false' to disable
2021-04-16;12:08:11 [restartedMain] INFO  org.springframework.boot.devtools.env.DevToolsPropertyDefaultsPostProcessor -- For additional web related logging consider setting the 'logging.level.web' property to 'DEBUG'
2021-04-16;12:08:13 [restartedMain] INFO  org.springframework.data.repository.config.RepositoryConfigurationDelegate -- Bootstrapping Spring Data JDBC repositories in DEFAULT mode.
2021-04-16;12:08:13 [restartedMain] INFO  org.springframework.data.repository.config.RepositoryConfigurationDelegate -- Finished Spring Data repository scanning in 11 ms. Found 0 JDBC repository interfaces.
2021-04-16;12:08:14 [restartedMain] INFO  org.springframework.boot.web.embedded.tomcat.TomcatWebServer -- Tomcat initialized with port(s): 8080 (http)
2021-04-16;12:08:14 [restartedMain] INFO  org.apache.coyote.http11.Http11NioProtocol -- Initializing ProtocolHandler ["http-nio-8080"]
2021-04-16;12:08:14 [restartedMain] INFO  org.apache.catalina.core.StandardService -- Starting service [Tomcat]
2021-04-16;12:08:14 [restartedMain] INFO  org.apache.catalina.core.StandardEngine -- Starting Servlet engine: [Apache Tomcat/9.0.44]
2021-04-16;12:08:14 [restartedMain] INFO  org.apache.catalina.core.ContainerBase.[Tomcat].[localhost].[/] -- Initializing Spring embedded WebApplicationContext
2021-04-16;12:08:14 [restartedMain] INFO  org.springframework.boot.web.servlet.context.ServletWebServerApplicationContext -- Root WebApplicationContext: initialization completed in 2617 ms
2021-04-16;12:08:14 [restartedMain] INFO  com.zaxxer.hikari.HikariDataSource -- HikariPool-1 - Starting...
2021-04-16;12:08:14 [restartedMain] INFO  com.zaxxer.hikari.HikariDataSource -- HikariPool-1 - Start completed.
2021-04-16;12:08:14 [restartedMain] INFO  org.springframework.boot.autoconfigure.h2.H2ConsoleAutoConfiguration -- H2 console available at '/h2-console'. Database available at 'jdbc:h2:mem:springboot_h2'
2021-04-16;12:08:15 [restartedMain] INFO  org.springframework.boot.devtools.autoconfigure.OptionalLiveReloadServer -- LiveReload server is running on port 35729
2021-04-16;12:08:15 [restartedMain] INFO  org.springframework.security.web.DefaultSecurityFilterChain -- Will secure any request with [org.springframework.security.web.context.request.async.WebAsyncManagerIntegrationFilter@4f72bef2, org.springframework.security.web.context.SecurityContextPersistenceFilter@3d4e7e90, org.springframework.security.web.header.HeaderWriterFilter@56542c5d, org.springframework.security.web.authentication.logout.LogoutFilter@4a98934e, org.springframework.security.web.authentication.www.BasicAuthenticationFilter@197c31c6, org.springframework.security.web.savedrequest.RequestCacheAwareFilter@13e56845, org.springframework.security.web.servletapi.SecurityContextHolderAwareRequestFilter@381466c0, org.springframework.security.web.authentication.AnonymousAuthenticationFilter@6913930a, org.springframework.security.web.session.SessionManagementFilter@7b0f784a, org.springframework.security.web.access.ExceptionTranslationFilter@64e5aa09, org.springframework.security.web.access.intercept.FilterSecurityInterceptor@c62584f]
2021-04-16;12:08:16 [restartedMain] INFO  springfox.documentation.spring.web.PropertySourcedRequestMappingHandlerMapping -- Mapped URL path [/v2/api-docs] onto method [springfox.documentation.swagger2.web.Swagger2Controller#getDocumentation(String, HttpServletRequest)]
2021-04-16;12:08:16 [restartedMain] INFO  org.springframework.scheduling.concurrent.ThreadPoolTaskExecutor -- Initializing ExecutorService 'applicationTaskExecutor'
2021-04-16;12:08:16 [restartedMain] INFO  org.springframework.scheduling.concurrent.ThreadPoolTaskScheduler -- Initializing ExecutorService 'taskScheduler'
2021-04-16;12:08:16 [restartedMain] INFO  org.apache.coyote.http11.Http11NioProtocol -- Starting ProtocolHandler ["http-nio-8080"]
2021-04-16;12:08:16 [restartedMain] INFO  org.springframework.boot.web.embedded.tomcat.TomcatWebServer -- Tomcat started on port(s): 8080 (http) with context path ''
2021-04-16;12:08:16 [restartedMain] INFO  springfox.documentation.spring.web.plugins.DocumentationPluginsBootstrapper -- Context refreshed
2021-04-16;12:08:16 [restartedMain] INFO  springfox.documentation.spring.web.plugins.DocumentationPluginsBootstrapper -- Found 1 custom documentation plugin(s)
2021-04-16;12:08:16 [restartedMain] INFO  springfox.documentation.spring.web.scanners.ApiListingReferenceScanner -- Scanning for api listing references
2021-04-16;12:08:16 [restartedMain] INFO  com.example.showcase.ShowcaseApplication -- Started ShowcaseApplication in 5.536 seconds (JVM running for 6.519)
2021-04-16;12:08:46 [scheduling-1] INFO  com.example.showcase.job.UserJob -- User count 2
2021-04-16;12:08:49 [scheduling-1] INFO  com.example.showcase.job.UserJob -- User count 2
2021-04-16;12:08:52 [scheduling-1] INFO  com.example.showcase.job.UserJob -- User count 2
2021-04-16;12:08:55 [scheduling-1] INFO  com.example.showcase.job.UserJob -- User count 2
2021-04-16;12:08:58 [scheduling-1] INFO  com.example.showcase.job.UserJob -- User count 2
2021-04-16;12:09:01 [scheduling-1] INFO  com.example.showcase.job.UserJob -- User count 2
2021-04-16;12:09:04 [scheduling-1] INFO  com.example.showcase.job.UserJob -- User count 2
2021-04-16;12:09:07 [scheduling-1] INFO  com.example.showcase.job.UserJob -- User count 2
2021-04-16;12:09:11 [scheduling-1] INFO  com.example.showcase.job.UserJob -- User count 2
2021-04-16;12:09:43 [restartedMain] INFO  com.example.showcase.ShowcaseApplication -- Starting ShowcaseApplication using Java 1.8.0_111 on Deepak3144371 with PID 23496 (D:\source\Learn\showcase\target\classes started by deepakjain01 in D:\source\Learn\showcase)
2021-04-16;12:09:43 [restartedMain] INFO  com.example.showcase.ShowcaseApplication -- No active profile set, falling back to default profiles: default
2021-04-16;12:09:43 [restartedMain] INFO  org.springframework.boot.devtools.env.DevToolsPropertyDefaultsPostProcessor -- Devtools property defaults active! Set 'spring.devtools.add-properties' to 'false' to disable
2021-04-16;12:09:43 [restartedMain] INFO  org.springframework.boot.devtools.env.DevToolsPropertyDefaultsPostProcessor -- For additional web related logging consider setting the 'logging.level.web' property to 'DEBUG'
2021-04-16;12:09:44 [restartedMain] INFO  org.springframework.data.repository.config.RepositoryConfigurationDelegate -- Bootstrapping Spring Data JDBC repositories in DEFAULT mode.
2021-04-16;12:09:44 [restartedMain] INFO  org.springframework.data.repository.config.RepositoryConfigurationDelegate -- Finished Spring Data repository scanning in 12 ms. Found 0 JDBC repository interfaces.
2021-04-16;12:09:45 [restartedMain] INFO  org.springframework.boot.web.embedded.tomcat.TomcatWebServer -- Tomcat initialized with port(s): 8080 (http)
2021-04-16;12:09:45 [restartedMain] INFO  org.apache.coyote.http11.Http11NioProtocol -- Initializing ProtocolHandler ["http-nio-8080"]
2021-04-16;12:09:45 [restartedMain] INFO  org.apache.catalina.core.StandardService -- Starting service [Tomcat]
2021-04-16;12:09:45 [restartedMain] INFO  org.apache.catalina.core.StandardEngine -- Starting Servlet engine: [Apache Tomcat/9.0.44]
2021-04-16;12:09:45 [restartedMain] INFO  org.apache.catalina.core.ContainerBase.[Tomcat].[localhost].[/] -- Initializing Spring embedded WebApplicationContext
2021-04-16;12:09:45 [restartedMain] INFO  org.springframework.boot.web.servlet.context.ServletWebServerApplicationContext -- Root WebApplicationContext: initialization completed in 2674 ms
2021-04-16;12:09:46 [restartedMain] INFO  org.springframework.boot.autoconfigure.h2.H2ConsoleAutoConfiguration -- H2 console available at '/h2-console'. Database available at 'jdbc:h2:mem:springboot_h2'
2021-04-16;12:09:46 [restartedMain] INFO  org.springframework.boot.devtools.autoconfigure.OptionalLiveReloadServer -- LiveReload server is running on port 35729
2021-04-16;12:09:47 [restartedMain] INFO  org.springframework.security.web.DefaultSecurityFilterChain -- Will secure any request with [org.springframework.security.web.context.request.async.WebAsyncManagerIntegrationFilter@41292c68, org.springframework.security.web.context.SecurityContextPersistenceFilter@564c7058, org.springframework.security.web.header.HeaderWriterFilter@330ec569, org.springframework.security.web.authentication.logout.LogoutFilter@4ca84228, org.springframework.security.web.authentication.www.BasicAuthenticationFilter@4d6a4eb6, org.springframework.security.web.savedrequest.RequestCacheAwareFilter@5a82945d, org.springframework.security.web.servletapi.SecurityContextHolderAwareRequestFilter@79001941, org.springframework.security.web.authentication.AnonymousAuthenticationFilter@5decdace, org.springframework.security.web.session.SessionManagementFilter@4b14b3a3, org.springframework.security.web.access.ExceptionTranslationFilter@200ed989, org.springframework.security.web.access.intercept.FilterSecurityInterceptor@2d96b515]
2021-04-16;12:09:47 [restartedMain] INFO  springfox.documentation.spring.web.PropertySourcedRequestMappingHandlerMapping -- Mapped URL path [/v2/api-docs] onto method [springfox.documentation.swagger2.web.Swagger2Controller#getDocumentation(String, HttpServletRequest)]
2021-04-16;12:09:47 [restartedMain] INFO  org.springframework.scheduling.concurrent.ThreadPoolTaskExecutor -- Initializing ExecutorService 'applicationTaskExecutor'
2021-04-16;12:09:47 [restartedMain] INFO  org.springframework.scheduling.concurrent.ThreadPoolTaskScheduler -- Initializing ExecutorService 'taskScheduler'
2021-04-16;12:09:48 [restartedMain] INFO  org.apache.coyote.http11.Http11NioProtocol -- Starting ProtocolHandler ["http-nio-8080"]
2021-04-16;12:09:48 [restartedMain] INFO  org.springframework.boot.web.embedded.tomcat.TomcatWebServer -- Tomcat started on port(s): 8080 (http) with context path ''
2021-04-16;12:09:48 [restartedMain] INFO  springfox.documentation.spring.web.plugins.DocumentationPluginsBootstrapper -- Context refreshed
2021-04-16;12:09:48 [restartedMain] INFO  springfox.documentation.spring.web.plugins.DocumentationPluginsBootstrapper -- Found 1 custom documentation plugin(s)
2021-04-16;12:09:48 [restartedMain] INFO  springfox.documentation.spring.web.scanners.ApiListingReferenceScanner -- Scanning for api listing references
2021-04-16;12:09:48 [restartedMain] INFO  com.example.showcase.ShowcaseApplication -- Started ShowcaseApplication in 5.668 seconds (JVM running for 6.403)
2021-04-16;12:10:18 [scheduling-1] INFO  com.example.showcase.job.UserJob -- User count 2
2021-04-16;12:10:21 [scheduling-1] INFO  com.example.showcase.job.UserJob -- User count 2
2021-04-16;12:10:24 [scheduling-1] INFO  com.example.showcase.job.UserJob -- User count 2
2021-04-16;12:10:27 [scheduling-1] INFO  com.example.showcase.job.UserJob -- User count 2
2021-04-16;12:10:30 [scheduling-1] INFO  com.example.showcase.job.UserJob -- User count 2
2021-04-16;12:10:33 [scheduling-1] INFO  com.example.showcase.job.UserJob -- User count 2
2021-04-16;12:10:36 [scheduling-1] INFO  com.example.showcase.job.UserJob -- User count 2
2021-04-16;12:10:39 [scheduling-1] INFO  com.example.showcase.job.UserJob -- User count 2
2021-04-16;12:10:42 [scheduling-1] INFO  com.example.showcase.job.UserJob -- User count 2
2021-04-16;12:10:45 [scheduling-1] INFO  com.example.showcase.job.UserJob -- User count 2
2021-04-16;12:10:48 [scheduling-1] INFO  com.example.showcase.job.UserJob -- User count 2
2021-04-16;12:10:51 [scheduling-1] INFO  com.example.showcase.job.UserJob -- User count 2
2021-04-16;12:10:54 [scheduling-1] INFO  com.example.showcase.job.UserJob -- User count 2
2021-04-16;12:10:57 [scheduling-1] INFO  com.example.showcase.job.UserJob -- User count 2
2021-04-16;12:11:00 [scheduling-1] INFO  com.example.showcase.job.UserJob -- User count 2
2021-04-16;12:11:03 [scheduling-1] INFO  com.example.showcase.job.UserJob -- User count 2
2021-04-16;12:11:06 [scheduling-1] INFO  com.example.showcase.job.UserJob -- User count 2
2021-04-16;12:11:09 [scheduling-1] INFO  com.example.showcase.job.UserJob -- User count 2
2021-04-16;12:11:12 [scheduling-1] INFO  com.example.showcase.job.UserJob -- User count 2
2021-04-16;12:11:15 [scheduling-1] INFO  com.example.showcase.job.UserJob -- User count 2
2021-04-16;12:11:18 [scheduling-1] INFO  com.example.showcase.job.UserJob -- User count 2
2021-04-16;12:11:21 [scheduling-1] INFO  com.example.showcase.job.UserJob -- User count 2
2021-04-16;12:11:24 [scheduling-1] INFO  com.example.showcase.job.UserJob -- User count 2
2021-04-16;12:11:27 [scheduling-1] INFO  com.example.showcase.job.UserJob -- User count 2
2021-04-16;12:11:30 [scheduling-1] INFO  com.example.showcase.job.UserJob -- User count 2
2021-04-16;12:11:33 [scheduling-1] INFO  com.example.showcase.job.UserJob -- User count 2
2021-04-16;12:11:36 [scheduling-1] INFO  com.example.showcase.job.UserJob -- User count 2
2021-04-16;12:11:39 [scheduling-1] INFO  com.example.showcase.job.UserJob -- User count 2
2021-04-16;12:11:42 [scheduling-1] INFO  com.example.showcase.job.UserJob -- User count 2
2021-04-16;12:11:45 [scheduling-1] INFO  com.example.showcase.job.UserJob -- User count 2
2021-04-16;12:11:48 [scheduling-1] INFO  com.example.showcase.job.UserJob -- User count 2
2021-04-16;12:11:51 [scheduling-1] INFO  com.example.showcase.job.UserJob -- User count 2
2021-04-16;12:11:54 [scheduling-1] INFO  com.example.showcase.job.UserJob -- User count 2
2021-04-16;12:11:57 [scheduling-1] INFO  com.example.showcase.job.UserJob -- User count 2
2021-04-16;12:12:00 [scheduling-1] INFO  com.example.showcase.job.UserJob -- User count 2
2021-04-16;12:12:03 [scheduling-1] INFO  com.example.showcase.job.UserJob -- User count 2
2021-04-16;12:12:06 [scheduling-1] INFO  com.example.showcase.job.UserJob -- User count 2
2021-04-16;12:12:09 [scheduling-1] INFO  com.example.showcase.job.UserJob -- User count 2
2021-04-16;12:12:12 [scheduling-1] INFO  com.example.showcase.job.UserJob -- User count 2
2021-04-16;12:12:15 [scheduling-1] INFO  com.example.showcase.job.UserJob -- User count 2
2021-04-16;12:12:18 [scheduling-1] INFO  com.example.showcase.job.UserJob -- User count 2
2021-04-16;12:12:21 [scheduling-1] INFO  com.example.showcase.job.UserJob -- User count 2
2021-04-16;12:12:24 [scheduling-1] INFO  com.example.showcase.job.UserJob -- User count 2
2021-04-16;12:12:27 [scheduling-1] INFO  com.example.showcase.job.UserJob -- User count 2
2021-04-16;12:12:30 [scheduling-1] INFO  com.example.showcase.job.UserJob -- User count 2
2021-04-16;12:12:33 [scheduling-1] INFO  com.example.showcase.job.UserJob -- User count 2
2021-04-16;12:12:36 [scheduling-1] INFO  com.example.showcase.job.UserJob -- User count 2
2021-04-16;12:12:39 [scheduling-1] INFO  com.example.showcase.job.UserJob -- User count 2
2021-04-16;12:12:42 [scheduling-1] INFO  com.example.showcase.job.UserJob -- User count 2
2021-04-16;12:12:45 [scheduling-1] INFO  com.example.showcase.job.UserJob -- User count 2
2021-04-16;12:12:48 [scheduling-1] INFO  com.example.showcase.job.UserJob -- User count 2
2021-04-16;12:12:51 [scheduling-1] INFO  com.example.showcase.job.UserJob -- User count 2
2021-04-16;12:12:54 [scheduling-1] INFO  com.example.showcase.job.UserJob -- User count 2
2021-04-16;12:12:57 [scheduling-1] INFO  com.example.showcase.job.UserJob -- User count 2
2021-04-16;12:13:00 [scheduling-1] INFO  com.example.showcase.job.UserJob -- User count 2
2021-04-16;12:13:03 [scheduling-1] INFO  com.example.showcase.job.UserJob -- User count 2
2021-04-16;12:13:06 [scheduling-1] INFO  com.example.showcase.job.UserJob -- User count 2
2021-04-16;12:13:09 [scheduling-1] INFO  com.example.showcase.job.UserJob -- User count 2
2021-04-16;12:13:13 [scheduling-1] INFO  com.example.showcase.job.UserJob -- User count 2
2021-04-16;12:13:16 [scheduling-1] INFO  com.example.showcase.job.UserJob -- User count 2
2021-04-16;12:13:19 [scheduling-1] INFO  com.example.showcase.job.UserJob -- User count 2
2021-04-16;12:13:22 [scheduling-1] INFO  com.example.showcase.job.UserJob -- User count 2
2021-04-16;12:13:25 [scheduling-1] INFO  com.example.showcase.job.UserJob -- User count 2
2021-04-16;12:13:28 [scheduling-1] INFO  com.example.showcase.job.UserJob -- User count 2
2021-04-16;12:13:31 [scheduling-1] INFO  com.example.showcase.job.UserJob -- User count 2
2021-04-16;12:13:34 [scheduling-1] INFO  com.example.showcase.job.UserJob -- User count 2
2021-04-16;12:13:37 [scheduling-1] INFO  com.example.showcase.job.UserJob -- User count 2
2021-04-16;12:13:40 [scheduling-1] INFO  com.example.showcase.job.UserJob -- User count 2
2021-04-16;12:13:43 [scheduling-1] INFO  com.example.showcase.job.UserJob -- User count 2
2021-04-16;12:13:46 [scheduling-1] INFO  com.example.showcase.job.UserJob -- User count 2
2021-04-16;12:13:49 [scheduling-1] INFO  com.example.showcase.job.UserJob -- User count 2
2021-04-16;12:13:52 [scheduling-1] INFO  com.example.showcase.job.UserJob -- User count 2
2021-04-16;12:13:55 [scheduling-1] INFO  com.example.showcase.job.UserJob -- User count 2
2021-04-16;12:13:58 [scheduling-1] INFO  com.example.showcase.job.UserJob -- User count 2
2021-04-16;12:14:01 [scheduling-1] INFO  com.example.showcase.job.UserJob -- User count 2
2021-04-16;12:14:04 [scheduling-1] INFO  com.example.showcase.job.UserJob -- User count 2
2021-04-16;12:14:07 [scheduling-1] INFO  com.example.showcase.job.UserJob -- User count 2
2021-04-16;12:14:10 [scheduling-1] INFO  com.example.showcase.job.UserJob -- User count 2
2021-04-16;12:14:13 [scheduling-1] INFO  com.example.showcase.job.UserJob -- User count 2
2021-04-16;12:14:16 [scheduling-1] INFO  com.example.showcase.job.UserJob -- User count 2
2021-04-16;12:14:19 [scheduling-1] INFO  com.example.showcase.job.UserJob -- User count 2
2021-04-16;12:14:22 [scheduling-1] INFO  com.example.showcase.job.UserJob -- User count 2
2021-04-16;12:14:25 [scheduling-1] INFO  com.example.showcase.job.UserJob -- User count 2
2021-04-16;12:14:28 [scheduling-1] INFO  com.example.showcase.job.UserJob -- User count 2
2021-04-16;12:14:31 [scheduling-1] INFO  com.example.showcase.job.UserJob -- User count 2
2021-04-16;12:14:34 [scheduling-1] INFO  com.example.showcase.job.UserJob -- User count 2
2021-04-16;12:14:37 [scheduling-1] INFO  com.example.showcase.job.UserJob -- User count 2
2021-04-16;12:14:40 [scheduling-1] INFO  com.example.showcase.job.UserJob -- User count 2
2021-04-16;12:14:43 [scheduling-1] INFO  com.example.showcase.job.UserJob -- User count 2
2021-04-16;12:14:46 [scheduling-1] INFO  com.example.showcase.job.UserJob -- User count 2
2021-04-16;12:14:49 [scheduling-1] INFO  com.example.showcase.job.UserJob -- User count 2
2021-04-16;12:14:52 [scheduling-1] INFO  com.example.showcase.job.UserJob -- User count 2
2021-04-16;12:14:55 [scheduling-1] INFO  com.example.showcase.job.UserJob -- User count 2
2021-04-16;12:14:58 [scheduling-1] INFO  com.example.showcase.job.UserJob -- User count 2
2021-04-16;12:15:01 [scheduling-1] INFO  com.example.showcase.job.UserJob -- User count 2
2021-04-16;12:15:04 [scheduling-1] INFO  com.example.showcase.job.UserJob -- User count 2
2021-04-16;12:15:07 [scheduling-1] INFO  com.example.showcase.job.UserJob -- User count 2
2021-04-16;12:15:10 [scheduling-1] INFO  com.example.showcase.job.UserJob -- User count 2
2021-04-16;12:15:13 [scheduling-1] INFO  com.example.showcase.job.UserJob -- User count 2
2021-04-16;12:15:16 [scheduling-1] INFO  com.example.showcase.job.UserJob -- User count 2
2021-04-16;12:15:19 [scheduling-1] INFO  com.example.showcase.job.UserJob -- User count 2
2021-04-16;12:15:22 [scheduling-1] INFO  com.example.showcase.job.UserJob -- User count 2
2021-04-16;12:15:25 [scheduling-1] INFO  com.example.showcase.job.UserJob -- User count 2
2021-04-16;12:15:28 [scheduling-1] INFO  com.example.showcase.job.UserJob -- User count 2
2021-04-16;12:15:31 [scheduling-1] INFO  com.example.showcase.job.UserJob -- User count 2
2021-04-16;12:15:34 [scheduling-1] INFO  com.example.showcase.job.UserJob -- User count 2
2021-04-16;12:15:37 [scheduling-1] INFO  com.example.showcase.job.UserJob -- User count 2
2021-04-16;12:15:40 [scheduling-1] INFO  com.example.showcase.job.UserJob -- User count 2
2021-04-16;12:15:43 [scheduling-1] INFO  com.example.showcase.job.UserJob -- User count 2
2021-04-16;12:15:46 [scheduling-1] INFO  com.example.showcase.job.UserJob -- User count 2
2021-04-16;12:15:49 [scheduling-1] INFO  com.example.showcase.job.UserJob -- User count 2
2021-04-16;12:15:52 [scheduling-1] INFO  com.example.showcase.job.UserJob -- User count 2
2021-04-16;12:15:55 [scheduling-1] INFO  com.example.showcase.job.UserJob -- User count 2
2021-04-16;12:15:58 [scheduling-1] INFO  com.example.showcase.job.UserJob -- User count 2
2021-04-16;12:16:01 [scheduling-1] INFO  com.example.showcase.job.UserJob -- User count 2
2021-04-16;12:16:04 [scheduling-1] INFO  com.example.showcase.job.UserJob -- User count 2
2021-04-16;12:16:07 [scheduling-1] INFO  com.example.showcase.job.UserJob -- User count 2
2021-04-16;12:16:10 [scheduling-1] INFO  com.example.showcase.job.UserJob -- User count 2
2021-04-16;12:16:13 [scheduling-1] INFO  com.example.showcase.job.UserJob -- User count 2
2021-04-16;12:16:16 [scheduling-1] INFO  com.example.showcase.job.UserJob -- User count 2
2021-04-16;12:16:19 [scheduling-1] INFO  com.example.showcase.job.UserJob -- User count 2
2021-04-16;12:16:22 [scheduling-1] INFO  com.example.showcase.job.UserJob -- User count 2
2021-04-16;12:16:25 [scheduling-1] INFO  com.example.showcase.job.UserJob -- User count 2
2021-04-16;12:16:28 [scheduling-1] INFO  com.example.showcase.job.UserJob -- User count 2
2021-04-16;12:16:31 [scheduling-1] INFO  com.example.showcase.job.UserJob -- User count 2
2021-04-16;12:16:34 [scheduling-1] INFO  com.example.showcase.job.UserJob -- User count 2
2021-04-16;12:16:37 [scheduling-1] INFO  com.example.showcase.job.UserJob -- User count 2
2021-04-16;12:16:40 [scheduling-1] INFO  com.example.showcase.job.UserJob -- User count 2
2021-04-16;12:16:43 [scheduling-1] INFO  com.example.showcase.job.UserJob -- User count 2
2021-04-16;12:16:46 [scheduling-1] INFO  com.example.showcase.job.UserJob -- User count 2
2021-04-16;12:16:49 [scheduling-1] INFO  com.example.showcase.job.UserJob -- User count 2
2021-04-16;12:16:52 [scheduling-1] INFO  com.example.showcase.job.UserJob -- User count 2
2021-04-16;12:16:55 [scheduling-1] INFO  com.example.showcase.job.UserJob -- User count 2
2021-04-16;12:16:58 [scheduling-1] INFO  com.example.showcase.job.UserJob -- User count 2
2021-04-16;12:17:01 [scheduling-1] INFO  com.example.showcase.job.UserJob -- User count 2
2021-04-16;12:17:04 [scheduling-1] INFO  com.example.showcase.job.UserJob -- User count 2
2021-04-16;12:17:07 [scheduling-1] INFO  com.example.showcase.job.UserJob -- User count 2
2021-04-16;12:17:10 [scheduling-1] INFO  com.example.showcase.job.UserJob -- User count 2
2021-04-16;12:17:13 [scheduling-1] INFO  com.example.showcase.job.UserJob -- User count 2
2021-04-16;12:17:16 [scheduling-1] INFO  com.example.showcase.job.UserJob -- User count 2
2021-04-16;12:17:19 [scheduling-1] INFO  com.example.showcase.job.UserJob -- User count 2
2021-04-16;12:17:22 [scheduling-1] INFO  com.example.showcase.job.UserJob -- User count 2
2021-04-16;12:17:25 [scheduling-1] INFO  com.example.showcase.job.UserJob -- User count 2
2021-04-16;12:17:28 [scheduling-1] INFO  com.example.showcase.job.UserJob -- User count 2
2021-04-16;12:17:31 [scheduling-1] INFO  com.example.showcase.job.UserJob -- User count 2
2021-04-16;12:17:34 [scheduling-1] INFO  com.example.showcase.job.UserJob -- User count 2
2021-04-16;12:17:37 [scheduling-1] INFO  com.example.showcase.job.UserJob -- User count 2
2021-04-16;12:17:40 [scheduling-1] INFO  com.example.showcase.job.UserJob -- User count 2
2021-04-16;12:17:43 [scheduling-1] INFO  com.example.showcase.job.UserJob -- User count 2
2021-04-16;12:17:46 [scheduling-1] INFO  com.example.showcase.job.UserJob -- User count 2
2021-04-16;12:17:49 [scheduling-1] INFO  com.example.showcase.job.UserJob -- User count 2
2021-04-16;12:17:52 [scheduling-1] INFO  com.example.showcase.job.UserJob -- User count 2
2021-04-16;12:17:55 [scheduling-1] INFO  com.example.showcase.job.UserJob -- User count 2
2021-04-16;12:17:58 [scheduling-1] INFO  com.example.showcase.job.UserJob -- User count 2
2021-04-16;12:18:01 [scheduling-1] INFO  com.example.showcase.job.UserJob -- User count 2
2021-04-16;12:18:04 [scheduling-1] INFO  com.example.showcase.job.UserJob -- User count 2
2021-04-16;12:18:07 [scheduling-1] INFO  com.example.showcase.job.UserJob -- User count 2
2021-04-16;12:18:10 [scheduling-1] INFO  com.example.showcase.job.UserJob -- User count 2
2021-04-16;12:18:13 [scheduling-1] INFO  com.example.showcase.job.UserJob -- User count 2
2021-04-16;12:18:16 [scheduling-1] INFO  com.example.showcase.job.UserJob -- User count 2
2021-04-16;12:18:19 [scheduling-1] INFO  com.example.showcase.job.UserJob -- User count 2
2021-04-16;12:18:22 [scheduling-1] INFO  com.example.showcase.job.UserJob -- User count 2
2021-04-16;12:18:25 [scheduling-1] INFO  com.example.showcase.job.UserJob -- User count 2
2021-04-16;12:18:28 [scheduling-1] INFO  com.example.showcase.job.UserJob -- User count 2
2021-04-16;12:18:31 [scheduling-1] INFO  com.example.showcase.job.UserJob -- User count 2
2021-04-16;12:18:34 [scheduling-1] INFO  com.example.showcase.job.UserJob -- User count 2
2021-04-16;12:18:37 [scheduling-1] INFO  com.example.showcase.job.UserJob -- User count 2
2021-04-16;12:18:40 [scheduling-1] INFO  com.example.showcase.job.UserJob -- User count 2
2021-04-16;12:18:43 [scheduling-1] INFO  com.example.showcase.job.UserJob -- User count 2
2021-04-16;12:18:46 [scheduling-1] INFO  com.example.showcase.job.UserJob -- User count 2
2021-04-16;12:18:49 [scheduling-1] INFO  com.example.showcase.job.UserJob -- User count 2
2021-04-16;12:18:52 [scheduling-1] INFO  com.example.showcase.job.UserJob -- User count 2
2021-04-16;12:18:56 [scheduling-1] INFO  com.example.showcase.job.UserJob -- User count 2
2021-04-16;12:18:59 [scheduling-1] INFO  com.example.showcase.job.UserJob -- User count 2
2021-04-16;12:19:02 [scheduling-1] INFO  com.example.showcase.job.UserJob -- User count 2
2021-04-16;12:19:05 [scheduling-1] INFO  com.example.showcase.job.UserJob -- User count 2
2021-04-16;12:19:08 [scheduling-1] INFO  com.example.showcase.job.UserJob -- User count 2
2021-04-16;12:19:11 [scheduling-1] INFO  com.example.showcase.job.UserJob -- User count 2
2021-04-16;12:19:14 [scheduling-1] INFO  com.example.showcase.job.UserJob -- User count 2
2021-04-16;12:19:17 [scheduling-1] INFO  com.example.showcase.job.UserJob -- User count 2
2021-04-16;12:19:20 [scheduling-1] INFO  com.example.showcase.job.UserJob -- User count 2
2021-04-16;12:19:23 [scheduling-1] INFO  com.example.showcase.job.UserJob -- User count 2
2021-04-16;12:19:26 [scheduling-1] INFO  com.example.showcase.job.UserJob -- User count 2
2021-04-16;12:19:29 [scheduling-1] INFO  com.example.showcase.job.UserJob -- User count 2
2021-04-16;12:19:32 [scheduling-1] INFO  com.example.showcase.job.UserJob -- User count 2
2021-04-16;12:19:35 [scheduling-1] INFO  com.example.showcase.job.UserJob -- User count 2
2021-04-16;12:19:38 [scheduling-1] INFO  com.example.showcase.job.UserJob -- User count 2
2021-04-16;12:19:41 [scheduling-1] INFO  com.example.showcase.job.UserJob -- User count 2
2021-04-16;12:19:44 [scheduling-1] INFO  com.example.showcase.job.UserJob -- User count 2
2021-04-16;12:19:47 [scheduling-1] INFO  com.example.showcase.job.UserJob -- User count 2
2021-04-16;12:19:50 [scheduling-1] INFO  com.example.showcase.job.UserJob -- User count 2
2021-04-16;12:19:53 [scheduling-1] INFO  com.example.showcase.job.UserJob -- User count 2
2021-04-16;12:19:56 [scheduling-1] INFO  com.example.showcase.job.UserJob -- User count 2
2021-04-16;12:19:59 [scheduling-1] INFO  com.example.showcase.job.UserJob -- User count 2
2021-04-16;12:20:02 [scheduling-1] INFO  com.example.showcase.job.UserJob -- User count 2
2021-04-16;12:20:05 [scheduling-1] INFO  com.example.showcase.job.UserJob -- User count 2
2021-04-16;12:20:08 [scheduling-1] INFO  com.example.showcase.job.UserJob -- User count 2
2021-04-16;12:20:11 [scheduling-1] INFO  com.example.showcase.job.UserJob -- User count 2
2021-04-16;12:20:14 [scheduling-1] INFO  com.example.showcase.job.UserJob -- User count 2
2021-04-16;12:20:17 [scheduling-1] INFO  com.example.showcase.job.UserJob -- User count 2
2021-04-16;12:20:20 [scheduling-1] INFO  com.example.showcase.job.UserJob -- User count 2
2021-04-16;12:20:23 [scheduling-1] INFO  com.example.showcase.job.UserJob -- User count 2
2021-04-16;12:20:26 [scheduling-1] INFO  com.example.showcase.job.UserJob -- User count 2
2021-04-16;12:20:29 [scheduling-1] INFO  com.example.showcase.job.UserJob -- User count 2
2021-04-16;12:20:32 [scheduling-1] INFO  com.example.showcase.job.UserJob -- User count 2
2021-04-16;12:20:35 [scheduling-1] INFO  com.example.showcase.job.UserJob -- User count 2
2021-04-16;12:20:38 [scheduling-1] INFO  com.example.showcase.job.UserJob -- User count 2
2021-04-16;12:20:41 [scheduling-1] INFO  com.example.showcase.job.UserJob -- User count 2
2021-04-16;12:20:44 [scheduling-1] INFO  com.example.showcase.job.UserJob -- User count 2
2021-04-16;12:20:47 [scheduling-1] INFO  com.example.showcase.job.UserJob -- User count 2
2021-04-16;12:20:50 [scheduling-1] INFO  com.example.showcase.job.UserJob -- User count 2
2021-04-16;12:20:53 [scheduling-1] INFO  com.example.showcase.job.UserJob -- User count 2
2021-04-16;12:20:56 [scheduling-1] INFO  com.example.showcase.job.UserJob -- User count 2
2021-04-16;12:20:59 [scheduling-1] INFO  com.example.showcase.job.UserJob -- User count 2
2021-04-16;12:21:02 [scheduling-1] INFO  com.example.showcase.job.UserJob -- User count 2
2021-04-16;12:21:05 [scheduling-1] INFO  com.example.showcase.job.UserJob -- User count 2
2021-04-16;12:21:08 [scheduling-1] INFO  com.example.showcase.job.UserJob -- User count 2
2021-04-16;12:21:11 [scheduling-1] INFO  com.example.showcase.job.UserJob -- User count 2
2021-04-16;12:21:14 [scheduling-1] INFO  com.example.showcase.job.UserJob -- User count 2
2021-04-16;12:21:17 [scheduling-1] INFO  com.example.showcase.job.UserJob -- User count 2
2021-04-16;12:21:20 [scheduling-1] INFO  com.example.showcase.job.UserJob -- User count 2
2021-04-16;12:21:23 [scheduling-1] INFO  com.example.showcase.job.UserJob -- User count 2
2021-04-16;12:21:26 [scheduling-1] INFO  com.example.showcase.job.UserJob -- User count 2
2021-04-16;12:21:29 [scheduling-1] INFO  com.example.showcase.job.UserJob -- User count 2
2021-04-16;12:21:32 [scheduling-1] INFO  com.example.showcase.job.UserJob -- User count 2
2021-04-16;12:21:35 [scheduling-1] INFO  com.example.showcase.job.UserJob -- User count 2
2021-04-16;12:21:38 [scheduling-1] INFO  com.example.showcase.job.UserJob -- User count 2
2021-04-16;12:21:41 [scheduling-1] INFO  com.example.showcase.job.UserJob -- User count 2
2021-04-16;12:21:44 [scheduling-1] INFO  com.example.showcase.job.UserJob -- User count 2
2021-04-16;12:21:47 [scheduling-1] INFO  com.example.showcase.job.UserJob -- User count 2
2021-04-16;12:21:50 [scheduling-1] INFO  com.example.showcase.job.UserJob -- User count 2
2021-04-16;12:21:53 [scheduling-1] INFO  com.example.showcase.job.UserJob -- User count 2
2021-04-16;12:21:56 [scheduling-1] INFO  com.example.showcase.job.UserJob -- User count 2
2021-04-16;12:21:59 [scheduling-1] INFO  com.example.showcase.job.UserJob -- User count 2
2021-04-16;12:22:02 [scheduling-1] INFO  com.example.showcase.job.UserJob -- User count 2
2021-04-16;12:22:05 [scheduling-1] INFO  com.example.showcase.job.UserJob -- User count 2
2021-04-16;12:22:08 [scheduling-1] INFO  com.example.showcase.job.UserJob -- User count 2
2021-04-16;12:22:11 [scheduling-1] INFO  com.example.showcase.job.UserJob -- User count 2
2021-04-16;12:22:14 [scheduling-1] INFO  com.example.showcase.job.UserJob -- User count 2
2021-04-16;12:22:17 [scheduling-1] INFO  com.example.showcase.job.UserJob -- User count 2
2021-04-16;12:22:20 [scheduling-1] INFO  com.example.showcase.job.UserJob -- User count 2
2021-04-16;12:22:23 [scheduling-1] INFO  com.example.showcase.job.UserJob -- User count 2
2021-04-16;12:22:26 [scheduling-1] INFO  com.example.showcase.job.UserJob -- User count 2
2021-04-16;12:22:29 [scheduling-1] INFO  com.example.showcase.job.UserJob -- User count 2
2021-04-16;12:22:32 [scheduling-1] INFO  com.example.showcase.job.UserJob -- User count 2
2021-04-16;12:22:35 [scheduling-1] INFO  com.example.showcase.job.UserJob -- User count 2
2021-04-16;12:22:38 [scheduling-1] INFO  com.example.showcase.job.UserJob -- User count 2
2021-04-16;12:22:41 [scheduling-1] INFO  com.example.showcase.job.UserJob -- User count 2
2021-04-16;12:22:44 [scheduling-1] INFO  com.example.showcase.job.UserJob -- User count 2
2021-04-16;12:22:47 [scheduling-1] INFO  com.example.showcase.job.UserJob -- User count 2
2021-04-16;12:22:50 [scheduling-1] INFO  com.example.showcase.job.UserJob -- User count 2
2021-04-16;12:22:53 [scheduling-1] INFO  com.example.showcase.job.UserJob -- User count 2
2021-04-16;12:22:56 [scheduling-1] INFO  com.example.showcase.job.UserJob -- User count 2
2021-04-16;12:22:59 [scheduling-1] INFO  com.example.showcase.job.UserJob -- User count 2
2021-04-16;12:23:02 [scheduling-1] INFO  com.example.showcase.job.UserJob -- User count 2
2021-04-16;12:23:05 [scheduling-1] INFO  com.example.showcase.job.UserJob -- User count 2
2021-04-16;12:23:08 [scheduling-1] INFO  com.example.showcase.job.UserJob -- User count 2
2021-04-16;12:23:11 [scheduling-1] INFO  com.example.showcase.job.UserJob -- User count 2
2021-04-16;12:23:14 [scheduling-1] INFO  com.example.showcase.job.UserJob -- User count 2
2021-04-16;12:23:17 [scheduling-1] INFO  com.example.showcase.job.UserJob -- User count 2
2021-04-16;12:23:20 [scheduling-1] INFO  com.example.showcase.job.UserJob -- User count 2
2021-04-16;12:23:23 [scheduling-1] INFO  com.example.showcase.job.UserJob -- User count 2
2021-04-16;12:23:26 [scheduling-1] INFO  com.example.showcase.job.UserJob -- User count 2
2021-04-16;12:23:29 [scheduling-1] INFO  com.example.showcase.job.UserJob -- User count 2
2021-04-16;12:23:32 [scheduling-1] INFO  com.example.showcase.job.UserJob -- User count 2
2021-04-16;12:23:35 [scheduling-1] INFO  com.example.showcase.job.UserJob -- User count 2
2021-04-16;12:23:38 [scheduling-1] INFO  com.example.showcase.job.UserJob -- User count 2
2021-04-16;12:23:41 [scheduling-1] INFO  com.example.showcase.job.UserJob -- User count 2
2021-04-16;12:23:44 [scheduling-1] INFO  com.example.showcase.job.UserJob -- User count 2
2021-04-16;12:23:47 [scheduling-1] INFO  com.example.showcase.job.UserJob -- User count 2
2021-04-16;12:23:50 [scheduling-1] INFO  com.example.showcase.job.UserJob -- User count 2
2021-04-16;12:23:53 [scheduling-1] INFO  com.example.showcase.job.UserJob -- User count 2
2021-04-16;12:23:56 [scheduling-1] INFO  com.example.showcase.job.UserJob -- User count 2
2021-04-16;12:23:59 [scheduling-1] INFO  com.example.showcase.job.UserJob -- User count 2
2021-04-16;12:24:02 [scheduling-1] INFO  com.example.showcase.job.UserJob -- User count 2
2021-04-16;12:24:05 [scheduling-1] INFO  com.example.showcase.job.UserJob -- User count 2
2021-04-16;12:24:08 [scheduling-1] INFO  com.example.showcase.job.UserJob -- User count 2
2021-04-16;12:24:12 [scheduling-1] INFO  com.example.showcase.job.UserJob -- User count 2
2021-04-16;12:24:15 [scheduling-1] INFO  com.example.showcase.job.UserJob -- User count 2
2021-04-16;12:24:18 [scheduling-1] INFO  com.example.showcase.job.UserJob -- User count 2
2021-04-16;12:24:21 [scheduling-1] INFO  com.example.showcase.job.UserJob -- User count 2
2021-04-16;12:24:24 [scheduling-1] INFO  com.example.showcase.job.UserJob -- User count 2
2021-04-16;12:24:27 [scheduling-1] INFO  com.example.showcase.job.UserJob -- User count 2
2021-04-16;12:24:30 [scheduling-1] INFO  com.example.showcase.job.UserJob -- User count 2
2021-04-16;12:24:33 [scheduling-1] INFO  com.example.showcase.job.UserJob -- User count 2
2021-04-16;12:24:36 [scheduling-1] INFO  com.example.showcase.job.UserJob -- User count 2
2021-04-16;12:24:39 [scheduling-1] INFO  com.example.showcase.job.UserJob -- User count 2
2021-04-16;12:24:42 [scheduling-1] INFO  com.example.showcase.job.UserJob -- User count 2
2021-04-16;12:24:45 [scheduling-1] INFO  com.example.showcase.job.UserJob -- User count 2
2021-04-16;12:24:48 [scheduling-1] INFO  com.example.showcase.job.UserJob -- User count 2
2021-04-16;12:24:51 [scheduling-1] INFO  com.example.showcase.job.UserJob -- User count 2
2021-04-16;12:24:54 [scheduling-1] INFO  com.example.showcase.job.UserJob -- User count 2
2021-04-16;12:24:57 [scheduling-1] INFO  com.example.showcase.job.UserJob -- User count 2
2021-04-16;12:25:00 [scheduling-1] INFO  com.example.showcase.job.UserJob -- User count 2
2021-04-16;12:25:03 [scheduling-1] INFO  com.example.showcase.job.UserJob -- User count 2
2021-04-16;12:25:06 [scheduling-1] INFO  com.example.showcase.job.UserJob -- User count 2
2021-04-16;12:25:09 [scheduling-1] INFO  com.example.showcase.job.UserJob -- User count 2
2021-04-16;12:25:12 [scheduling-1] INFO  com.example.showcase.job.UserJob -- User count 2
2021-04-16;12:25:15 [scheduling-1] INFO  com.example.showcase.job.UserJob -- User count 2
2021-04-16;12:25:18 [scheduling-1] INFO  com.example.showcase.job.UserJob -- User count 2
2021-04-16;12:25:21 [scheduling-1] INFO  com.example.showcase.job.UserJob -- User count 2
2021-04-16;12:25:24 [scheduling-1] INFO  com.example.showcase.job.UserJob -- User count 2
2021-04-16;12:25:27 [scheduling-1] INFO  com.example.showcase.job.UserJob -- User count 2
2021-04-16;12:25:30 [scheduling-1] INFO  com.example.showcase.job.UserJob -- User count 2
2021-04-16;12:25:33 [scheduling-1] INFO  com.example.showcase.job.UserJob -- User count 2
2021-04-16;12:25:36 [scheduling-1] INFO  com.example.showcase.job.UserJob -- User count 2
2021-04-16;12:25:39 [scheduling-1] INFO  com.example.showcase.job.UserJob -- User count 2
2021-04-16;12:25:42 [scheduling-1] INFO  com.example.showcase.job.UserJob -- User count 2
2021-04-16;12:25:45 [scheduling-1] INFO  com.example.showcase.job.UserJob -- User count 2
2021-04-16;12:25:48 [scheduling-1] INFO  com.example.showcase.job.UserJob -- User count 2
2021-04-16;12:25:51 [scheduling-1] INFO  com.example.showcase.job.UserJob -- User count 2
2021-04-16;12:25:54 [scheduling-1] INFO  com.example.showcase.job.UserJob -- User count 2
2021-04-16;12:25:57 [scheduling-1] INFO  com.example.showcase.job.UserJob -- User count 2
2021-04-16;12:26:00 [scheduling-1] INFO  com.example.showcase.job.UserJob -- User count 2
2021-04-16;12:26:03 [scheduling-1] INFO  com.example.showcase.job.UserJob -- User count 2
2021-04-16;12:26:06 [scheduling-1] INFO  com.example.showcase.job.UserJob -- User count 2
2021-04-16;12:26:09 [scheduling-1] INFO  com.example.showcase.job.UserJob -- User count 2
2021-04-16;12:26:12 [scheduling-1] INFO  com.example.showcase.job.UserJob -- User count 2
2021-04-16;12:26:15 [scheduling-1] INFO  com.example.showcase.job.UserJob -- User count 2
2021-04-16;12:26:18 [scheduling-1] INFO  com.example.showcase.job.UserJob -- User count 2
2021-04-16;12:26:21 [scheduling-1] INFO  com.example.showcase.job.UserJob -- User count 2
2021-04-16;12:26:24 [scheduling-1] INFO  com.example.showcase.job.UserJob -- User count 2
2021-04-16;12:26:27 [scheduling-1] INFO  com.example.showcase.job.UserJob -- User count 2
2021-04-16;12:26:30 [scheduling-1] INFO  com.example.showcase.job.UserJob -- User count 2
2021-04-16;12:26:33 [scheduling-1] INFO  com.example.showcase.job.UserJob -- User count 2
2021-04-16;12:26:36 [scheduling-1] INFO  com.example.showcase.job.UserJob -- User count 2
2021-04-16;12:26:39 [scheduling-1] INFO  com.example.showcase.job.UserJob -- User count 2
2021-04-16;12:26:42 [scheduling-1] INFO  com.example.showcase.job.UserJob -- User count 2
2021-04-16;12:26:45 [scheduling-1] INFO  com.example.showcase.job.UserJob -- User count 2
2021-04-16;12:26:48 [scheduling-1] INFO  com.example.showcase.job.UserJob -- User count 2
2021-04-16;12:26:51 [scheduling-1] INFO  com.example.showcase.job.UserJob -- User count 2
2021-04-16;12:26:54 [scheduling-1] INFO  com.example.showcase.job.UserJob -- User count 2
2021-04-16;12:26:57 [scheduling-1] INFO  com.example.showcase.job.UserJob -- User count 2
2021-04-16;12:27:00 [scheduling-1] INFO  com.example.showcase.job.UserJob -- User count 2
2021-04-16;12:27:03 [scheduling-1] INFO  com.example.showcase.job.UserJob -- User count 2
2021-04-16;12:27:06 [scheduling-1] INFO  com.example.showcase.job.UserJob -- User count 2
2021-04-16;12:27:09 [scheduling-1] INFO  com.example.showcase.job.UserJob -- User count 2
2021-04-16;12:27:12 [scheduling-1] INFO  com.example.showcase.job.UserJob -- User count 2
2021-04-16;12:27:15 [scheduling-1] INFO  com.example.showcase.job.UserJob -- User count 2
2021-04-16;12:27:18 [scheduling-1] INFO  com.example.showcase.job.UserJob -- User count 2
2021-04-16;12:27:21 [scheduling-1] INFO  com.example.showcase.job.UserJob -- User count 2
2021-04-16;12:27:24 [scheduling-1] INFO  com.example.showcase.job.UserJob -- User count 2
2021-04-16;12:27:27 [scheduling-1] INFO  com.example.showcase.job.UserJob -- User count 2
2021-04-16;12:27:30 [scheduling-1] INFO  com.example.showcase.job.UserJob -- User count 2
2021-04-16;12:27:33 [scheduling-1] INFO  com.example.showcase.job.UserJob -- User count 2
2021-04-16;12:27:36 [scheduling-1] INFO  com.example.showcase.job.UserJob -- User count 2
2021-04-16;12:27:39 [scheduling-1] INFO  com.example.showcase.job.UserJob -- User count 2
2021-04-16;12:27:42 [scheduling-1] INFO  com.example.showcase.job.UserJob -- User count 2
2021-04-16;12:27:45 [scheduling-1] INFO  com.example.showcase.job.UserJob -- User count 2
2021-04-16;12:27:48 [scheduling-1] INFO  com.example.showcase.job.UserJob -- User count 2
2021-04-16;12:27:51 [scheduling-1] INFO  com.example.showcase.job.UserJob -- User count 2
2021-04-16;12:27:54 [scheduling-1] INFO  com.example.showcase.job.UserJob -- User count 2
2021-04-16;12:27:57 [scheduling-1] INFO  com.example.showcase.job.UserJob -- User count 2
2021-04-16;12:28:00 [scheduling-1] INFO  com.example.showcase.job.UserJob -- User count 2
2021-04-16;12:28:03 [scheduling-1] INFO  com.example.showcase.job.UserJob -- User count 2
2021-04-16;12:28:06 [scheduling-1] INFO  com.example.showcase.job.UserJob -- User count 2
2021-04-16;12:28:09 [scheduling-1] INFO  com.example.showcase.job.UserJob -- User count 2
2021-04-16;12:28:12 [scheduling-1] INFO  com.example.showcase.job.UserJob -- User count 2
2021-04-16;12:28:15 [scheduling-1] INFO  com.example.showcase.job.UserJob -- User count 2
2021-04-16;12:28:18 [scheduling-1] INFO  com.example.showcase.job.UserJob -- User count 2
2021-04-16;12:28:21 [scheduling-1] INFO  com.example.showcase.job.UserJob -- User count 2
2021-04-16;12:28:24 [scheduling-1] INFO  com.example.showcase.job.UserJob -- User count 2
2021-04-16;12:28:27 [scheduling-1] INFO  com.example.showcase.job.UserJob -- User count 2
2021-04-16;12:28:30 [scheduling-1] INFO  com.example.showcase.job.UserJob -- User count 2
2021-04-16;12:28:33 [scheduling-1] INFO  com.example.showcase.job.UserJob -- User count 2
2021-04-16;12:28:36 [scheduling-1] INFO  com.example.showcase.job.UserJob -- User count 2
2021-04-16;12:28:39 [scheduling-1] INFO  com.example.showcase.job.UserJob -- User count 2
2021-04-16;12:28:42 [scheduling-1] INFO  com.example.showcase.job.UserJob -- User count 2
2021-04-16;12:28:45 [scheduling-1] INFO  com.example.showcase.job.UserJob -- User count 2
2021-04-16;12:28:48 [scheduling-1] INFO  com.example.showcase.job.UserJob -- User count 2
2021-04-16;12:28:51 [scheduling-1] INFO  com.example.showcase.job.UserJob -- User count 2
2021-04-16;12:28:54 [scheduling-1] INFO  com.example.showcase.job.UserJob -- User count 2
2021-04-16;12:28:57 [scheduling-1] INFO  com.example.showcase.job.UserJob -- User count 2
2021-04-16;12:29:00 [scheduling-1] INFO  com.example.showcase.job.UserJob -- User count 2
2021-04-16;12:29:03 [scheduling-1] INFO  com.example.showcase.job.UserJob -- User count 2
2021-04-16;12:29:06 [scheduling-1] INFO  com.example.showcase.job.UserJob -- User count 2
2021-04-16;12:29:09 [scheduling-1] INFO  com.example.showcase.job.UserJob -- User count 2
2021-04-16;12:29:12 [scheduling-1] INFO  com.example.showcase.job.UserJob -- User count 2
2021-04-16;12:29:15 [scheduling-1] INFO  com.example.showcase.job.UserJob -- User count 2
2021-04-16;12:29:18 [scheduling-1] INFO  com.example.showcase.job.UserJob -- User count 2
2021-04-16;12:29:21 [scheduling-1] INFO  com.example.showcase.job.UserJob -- User count 2
2021-04-16;12:29:24 [scheduling-1] INFO  com.example.showcase.job.UserJob -- User count 2
2021-04-16;12:29:27 [scheduling-1] INFO  com.example.showcase.job.UserJob -- User count 2
2021-04-16;12:29:31 [scheduling-1] INFO  com.example.showcase.job.UserJob -- User count 2
2021-04-16;12:29:34 [scheduling-1] INFO  com.example.showcase.job.UserJob -- User count 2
2021-04-16;12:29:37 [scheduling-1] INFO  com.example.showcase.job.UserJob -- User count 2
2021-04-16;12:29:40 [scheduling-1] INFO  com.example.showcase.job.UserJob -- User count 2
2021-04-16;12:29:43 [scheduling-1] INFO  com.example.showcase.job.UserJob -- User count 2
2021-04-16;12:29:46 [scheduling-1] INFO  com.example.showcase.job.UserJob -- User count 2
2021-04-16;12:29:49 [scheduling-1] INFO  com.example.showcase.job.UserJob -- User count 2
2021-04-16;12:29:52 [scheduling-1] INFO  com.example.showcase.job.UserJob -- User count 2
2021-04-16;12:29:55 [scheduling-1] INFO  com.example.showcase.job.UserJob -- User count 2
2021-04-16;12:29:58 [scheduling-1] INFO  com.example.showcase.job.UserJob -- User count 2
2021-04-16;12:30:01 [scheduling-1] INFO  com.example.showcase.job.UserJob -- User count 2
2021-04-16;12:30:04 [scheduling-1] INFO  com.example.showcase.job.UserJob -- User count 2
2021-04-16;12:30:07 [scheduling-1] INFO  com.example.showcase.job.UserJob -- User count 2
2021-04-16;12:30:10 [scheduling-1] INFO  com.example.showcase.job.UserJob -- User count 2
2021-04-16;12:30:13 [scheduling-1] INFO  com.example.showcase.job.UserJob -- User count 2
2021-04-16;12:30:16 [scheduling-1] INFO  com.example.showcase.job.UserJob -- User count 2
2021-04-16;12:30:19 [scheduling-1] INFO  com.example.showcase.job.UserJob -- User count 2
2021-04-16;12:30:22 [scheduling-1] INFO  com.example.showcase.job.UserJob -- User count 2
2021-04-16;12:30:25 [scheduling-1] INFO  com.example.showcase.job.UserJob -- User count 2
2021-04-16;12:30:28 [scheduling-1] INFO  com.example.showcase.job.UserJob -- User count 2
2021-04-16;12:30:31 [scheduling-1] INFO  com.example.showcase.job.UserJob -- User count 2
2021-04-16;12:30:34 [scheduling-1] INFO  com.example.showcase.job.UserJob -- User count 2
2021-04-16;12:30:37 [scheduling-1] INFO  com.example.showcase.job.UserJob -- User count 2
2021-04-16;12:30:40 [scheduling-1] INFO  com.example.showcase.job.UserJob -- User count 2
2021-04-16;12:30:43 [scheduling-1] INFO  com.example.showcase.job.UserJob -- User count 2
2021-04-16;12:30:46 [scheduling-1] INFO  com.example.showcase.job.UserJob -- User count 2
2021-04-16;12:30:49 [scheduling-1] INFO  com.example.showcase.job.UserJob -- User count 2
2021-04-16;12:30:52 [scheduling-1] INFO  com.example.showcase.job.UserJob -- User count 2
2021-04-16;12:30:55 [scheduling-1] INFO  com.example.showcase.job.UserJob -- User count 2
2021-04-16;12:30:58 [scheduling-1] INFO  com.example.showcase.job.UserJob -- User count 2
2021-04-16;12:31:01 [scheduling-1] INFO  com.example.showcase.job.UserJob -- User count 2
2021-04-16;12:31:04 [scheduling-1] INFO  com.example.showcase.job.UserJob -- User count 2
2021-04-16;12:31:07 [scheduling-1] INFO  com.example.showcase.job.UserJob -- User count 2
2021-04-16;12:31:10 [scheduling-1] INFO  com.example.showcase.job.UserJob -- User count 2
2021-04-16;12:31:13 [scheduling-1] INFO  com.example.showcase.job.UserJob -- User count 2
2021-04-16;12:31:16 [scheduling-1] INFO  com.example.showcase.job.UserJob -- User count 2
2021-04-16;12:31:19 [scheduling-1] INFO  com.example.showcase.job.UserJob -- User count 2
2021-04-16;12:31:22 [scheduling-1] INFO  com.example.showcase.job.UserJob -- User count 2
2021-04-16;12:31:25 [scheduling-1] INFO  com.example.showcase.job.UserJob -- User count 2
2021-04-16;12:31:28 [scheduling-1] INFO  com.example.showcase.job.UserJob -- User count 2
2021-04-16;12:31:31 [scheduling-1] INFO  com.example.showcase.job.UserJob -- User count 2
2021-04-16;12:31:34 [scheduling-1] INFO  com.example.showcase.job.UserJob -- User count 2
2021-04-16;12:31:37 [scheduling-1] INFO  com.example.showcase.job.UserJob -- User count 2
2021-04-16;12:31:40 [scheduling-1] INFO  com.example.showcase.job.UserJob -- User count 2
2021-04-16;12:31:43 [scheduling-1] INFO  com.example.showcase.job.UserJob -- User count 2
2021-04-16;12:31:46 [scheduling-1] INFO  com.example.showcase.job.UserJob -- User count 2
2021-04-16;12:31:49 [scheduling-1] INFO  com.example.showcase.job.UserJob -- User count 2
2021-04-16;12:31:52 [scheduling-1] INFO  com.example.showcase.job.UserJob -- User count 2
2021-04-16;12:31:55 [scheduling-1] INFO  com.example.showcase.job.UserJob -- User count 2
2021-04-16;12:31:58 [scheduling-1] INFO  com.example.showcase.job.UserJob -- User count 2
2021-04-16;12:32:01 [scheduling-1] INFO  com.example.showcase.job.UserJob -- User count 2
2021-04-16;12:32:04 [scheduling-1] INFO  com.example.showcase.job.UserJob -- User count 2
2021-04-16;12:32:07 [scheduling-1] INFO  com.example.showcase.job.UserJob -- User count 2
2021-04-16;12:32:10 [scheduling-1] INFO  com.example.showcase.job.UserJob -- User count 2
2021-04-16;12:32:13 [scheduling-1] INFO  com.example.showcase.job.UserJob -- User count 2
2021-04-16;12:32:16 [scheduling-1] INFO  com.example.showcase.job.UserJob -- User count 2
2021-04-16;12:32:19 [scheduling-1] INFO  com.example.showcase.job.UserJob -- User count 2
2021-04-16;12:32:22 [scheduling-1] INFO  com.example.showcase.job.UserJob -- User count 2
2021-04-16;12:32:25 [scheduling-1] INFO  com.example.showcase.job.UserJob -- User count 2
2021-04-16;12:32:28 [scheduling-1] INFO  com.example.showcase.job.UserJob -- User count 2
2021-04-16;12:32:31 [scheduling-1] INFO  com.example.showcase.job.UserJob -- User count 2
2021-04-16;12:32:34 [scheduling-1] INFO  com.example.showcase.job.UserJob -- User count 2
2021-04-16;12:32:37 [scheduling-1] INFO  com.example.showcase.job.UserJob -- User count 2
2021-04-16;12:32:40 [scheduling-1] INFO  com.example.showcase.job.UserJob -- User count 2
2021-04-16;12:32:43 [scheduling-1] INFO  com.example.showcase.job.UserJob -- User count 2
2021-04-16;12:32:46 [scheduling-1] INFO  com.example.showcase.job.UserJob -- User count 2
2021-04-16;12:32:49 [scheduling-1] INFO  com.example.showcase.job.UserJob -- User count 2
2021-04-16;12:32:52 [scheduling-1] INFO  com.example.showcase.job.UserJob -- User count 2
2021-04-16;12:32:55 [scheduling-1] INFO  com.example.showcase.job.UserJob -- User count 2
2021-04-16;12:32:58 [scheduling-1] INFO  com.example.showcase.job.UserJob -- User count 2
2021-04-16;12:33:01 [scheduling-1] INFO  com.example.showcase.job.UserJob -- User count 2
2021-04-16;12:33:04 [scheduling-1] INFO  com.example.showcase.job.UserJob -- User count 2
2021-04-16;12:33:07 [scheduling-1] INFO  com.example.showcase.job.UserJob -- User count 2
2021-04-16;12:33:10 [scheduling-1] INFO  com.example.showcase.job.UserJob -- User count 2
2021-04-16;12:33:13 [scheduling-1] INFO  com.example.showcase.job.UserJob -- User count 2
2021-04-16;12:33:16 [scheduling-1] INFO  com.example.showcase.job.UserJob -- User count 2
2021-04-16;12:33:19 [scheduling-1] INFO  com.example.showcase.job.UserJob -- User count 2
2021-04-16;12:33:22 [scheduling-1] INFO  com.example.showcase.job.UserJob -- User count 2
2021-04-16;12:33:25 [scheduling-1] INFO  com.example.showcase.job.UserJob -- User count 2
2021-04-16;12:33:28 [scheduling-1] INFO  com.example.showcase.job.UserJob -- User count 2
2021-04-16;12:33:31 [scheduling-1] INFO  com.example.showcase.job.UserJob -- User count 2
2021-04-16;12:33:34 [scheduling-1] INFO  com.example.showcase.job.UserJob -- User count 2
2021-04-16;12:33:37 [scheduling-1] INFO  com.example.showcase.job.UserJob -- User count 2
2021-04-16;12:33:40 [scheduling-1] INFO  com.example.showcase.job.UserJob -- User count 2
2021-04-16;12:33:43 [scheduling-1] INFO  com.example.showcase.job.UserJob -- User count 2
2021-04-16;12:33:46 [scheduling-1] INFO  com.example.showcase.job.UserJob -- User count 2
2021-04-16;12:33:49 [scheduling-1] INFO  com.example.showcase.job.UserJob -- User count 2
2021-04-16;12:33:52 [scheduling-1] INFO  com.example.showcase.job.UserJob -- User count 2
2021-04-16;12:33:55 [scheduling-1] INFO  com.example.showcase.job.UserJob -- User count 2
2021-04-16;12:33:58 [scheduling-1] INFO  com.example.showcase.job.UserJob -- User count 2
2021-04-16;12:34:01 [scheduling-1] INFO  com.example.showcase.job.UserJob -- User count 2
2021-04-16;12:34:04 [scheduling-1] INFO  com.example.showcase.job.UserJob -- User count 2
2021-04-16;12:34:07 [scheduling-1] INFO  com.example.showcase.job.UserJob -- User count 2
2021-04-16;12:34:10 [scheduling-1] INFO  com.example.showcase.job.UserJob -- User count 2
2021-04-16;12:34:13 [scheduling-1] INFO  com.example.showcase.job.UserJob -- User count 2
2021-04-16;12:34:16 [scheduling-1] INFO  com.example.showcase.job.UserJob -- User count 2
2021-04-16;12:34:19 [scheduling-1] INFO  com.example.showcase.job.UserJob -- User count 2
2021-04-16;12:34:22 [scheduling-1] INFO  com.example.showcase.job.UserJob -- User count 2
2021-04-16;12:34:25 [scheduling-1] INFO  com.example.showcase.job.UserJob -- User count 2
2021-04-16;12:34:28 [scheduling-1] INFO  com.example.showcase.job.UserJob -- User count 2
2021-04-16;12:34:31 [scheduling-1] INFO  com.example.showcase.job.UserJob -- User count 2
2021-04-16;12:34:34 [scheduling-1] INFO  com.example.showcase.job.UserJob -- User count 2
2021-04-16;12:34:37 [scheduling-1] INFO  com.example.showcase.job.UserJob -- User count 2
2021-04-16;12:34:40 [scheduling-1] INFO  com.example.showcase.job.UserJob -- User count 2
2021-04-16;12:34:43 [scheduling-1] INFO  com.example.showcase.job.UserJob -- User count 2
2021-04-16;12:34:46 [scheduling-1] INFO  com.example.showcase.job.UserJob -- User count 2
2021-04-16;12:34:49 [scheduling-1] INFO  com.example.showcase.job.UserJob -- User count 2
2021-04-16;12:34:52 [scheduling-1] INFO  com.example.showcase.job.UserJob -- User count 2
2021-04-16;12:34:55 [scheduling-1] INFO  com.example.showcase.job.UserJob -- User count 2
2021-04-16;12:34:58 [scheduling-1] INFO  com.example.showcase.job.UserJob -- User count 2
2021-04-16;12:35:01 [scheduling-1] INFO  com.example.showcase.job.UserJob -- User count 2
2021-04-16;12:35:04 [scheduling-1] INFO  com.example.showcase.job.UserJob -- User count 2
2021-04-16;12:35:07 [scheduling-1] INFO  com.example.showcase.job.UserJob -- User count 2
2021-04-16;12:35:10 [scheduling-1] INFO  com.example.showcase.job.UserJob -- User count 2
2021-04-16;12:35:13 [scheduling-1] INFO  com.example.showcase.job.UserJob -- User count 2
2021-04-16;12:35:16 [scheduling-1] INFO  com.example.showcase.job.UserJob -- User count 2
2021-04-16;12:35:19 [scheduling-1] INFO  com.example.showcase.job.UserJob -- User count 2
2021-04-16;12:35:22 [scheduling-1] INFO  com.example.showcase.job.UserJob -- User count 2
2021-04-16;12:35:25 [scheduling-1] INFO  com.example.showcase.job.UserJob -- User count 2
2021-04-16;12:35:28 [scheduling-1] INFO  com.example.showcase.job.UserJob -- User count 2
2021-04-16;12:35:31 [scheduling-1] INFO  com.example.showcase.job.UserJob -- User count 2
2021-04-16;12:35:34 [scheduling-1] INFO  com.example.showcase.job.UserJob -- User count 2
2021-04-16;12:35:37 [scheduling-1] INFO  com.example.showcase.job.UserJob -- User count 2
2021-04-16;12:35:40 [scheduling-1] INFO  com.example.showcase.job.UserJob -- User count 2
2021-04-16;12:35:43 [scheduling-1] INFO  com.example.showcase.job.UserJob -- User count 2
2021-04-16;12:35:46 [scheduling-1] INFO  com.example.showcase.job.UserJob -- User count 2
2021-04-16;12:35:49 [scheduling-1] INFO  com.example.showcase.job.UserJob -- User count 2
2021-04-16;12:35:52 [scheduling-1] INFO  com.example.showcase.job.UserJob -- User count 2
2021-04-16;12:35:55 [scheduling-1] INFO  com.example.showcase.job.UserJob -- User count 2
2021-04-16;12:35:58 [scheduling-1] INFO  com.example.showcase.job.UserJob -- User count 2
2021-04-16;12:36:01 [scheduling-1] INFO  com.example.showcase.job.UserJob -- User count 2
2021-04-16;12:36:04 [scheduling-1] INFO  com.example.showcase.job.UserJob -- User count 2
2021-04-16;12:36:07 [scheduling-1] INFO  com.example.showcase.job.UserJob -- User count 2
2021-04-16;12:36:10 [scheduling-1] INFO  com.example.showcase.job.UserJob -- User count 2
2021-04-16;12:36:13 [scheduling-1] INFO  com.example.showcase.job.UserJob -- User count 2
2021-04-16;12:36:16 [scheduling-1] INFO  com.example.showcase.job.UserJob -- User count 2
2021-04-16;12:36:19 [scheduling-1] INFO  com.example.showcase.job.UserJob -- User count 2
2021-04-16;12:36:22 [scheduling-1] INFO  com.example.showcase.job.UserJob -- User count 2
2021-04-16;12:36:25 [scheduling-1] INFO  com.example.showcase.job.UserJob -- User count 2
2021-04-16;12:36:28 [scheduling-1] INFO  com.example.showcase.job.UserJob -- User count 2
2021-04-16;12:36:31 [scheduling-1] INFO  com.example.showcase.job.UserJob -- User count 2
2021-04-16;12:36:34 [scheduling-1] INFO  com.example.showcase.job.UserJob -- User count 2
2021-04-16;12:36:37 [scheduling-1] INFO  com.example.showcase.job.UserJob -- User count 2
2021-04-16;12:36:40 [scheduling-1] INFO  com.example.showcase.job.UserJob -- User count 2
2021-04-16;12:36:43 [scheduling-1] INFO  com.example.showcase.job.UserJob -- User count 2
2021-04-16;12:36:46 [scheduling-1] INFO  com.example.showcase.job.UserJob -- User count 2
2021-04-16;12:36:49 [scheduling-1] INFO  com.example.showcase.job.UserJob -- User count 2
2021-04-16;12:36:52 [scheduling-1] INFO  com.example.showcase.job.UserJob -- User count 2
2021-04-16;12:36:55 [scheduling-1] INFO  com.example.showcase.job.UserJob -- User count 2
2021-04-16;12:36:58 [scheduling-1] INFO  com.example.showcase.job.UserJob -- User count 2
2021-04-16;12:37:01 [scheduling-1] INFO  com.example.showcase.job.UserJob -- User count 2
2021-04-16;12:37:04 [scheduling-1] INFO  com.example.showcase.job.UserJob -- User count 2
2021-04-16;12:37:07 [scheduling-1] INFO  com.example.showcase.job.UserJob -- User count 2
2021-04-16;12:37:10 [scheduling-1] INFO  com.example.showcase.job.UserJob -- User count 2
2021-04-16;12:37:13 [scheduling-1] INFO  com.example.showcase.job.UserJob -- User count 2
2021-04-16;12:37:16 [scheduling-1] INFO  com.example.showcase.job.UserJob -- User count 2
2021-04-16;12:37:19 [scheduling-1] INFO  com.example.showcase.job.UserJob -- User count 2
2021-04-16;12:37:22 [scheduling-1] INFO  com.example.showcase.job.UserJob -- User count 2
2021-04-16;12:37:25 [scheduling-1] INFO  com.example.showcase.job.UserJob -- User count 2
2021-04-16;12:37:28 [scheduling-1] INFO  com.example.showcase.job.UserJob -- User count 2
2021-04-16;12:37:31 [scheduling-1] INFO  com.example.showcase.job.UserJob -- User count 2
2021-04-16;12:37:34 [scheduling-1] INFO  com.example.showcase.job.UserJob -- User count 2
2021-04-16;12:37:37 [scheduling-1] INFO  com.example.showcase.job.UserJob -- User count 2
2021-04-16;12:37:40 [scheduling-1] INFO  com.example.showcase.job.UserJob -- User count 2
2021-04-16;12:37:43 [scheduling-1] INFO  com.example.showcase.job.UserJob -- User count 2
2021-04-16;12:37:46 [scheduling-1] INFO  com.example.showcase.job.UserJob -- User count 2
2021-04-16;12:37:49 [scheduling-1] INFO  com.example.showcase.job.UserJob -- User count 2
2021-04-16;12:37:52 [scheduling-1] INFO  com.example.showcase.job.UserJob -- User count 2
2021-04-16;12:37:55 [scheduling-1] INFO  com.example.showcase.job.UserJob -- User count 2
2021-04-16;12:37:58 [scheduling-1] INFO  com.example.showcase.job.UserJob -- User count 2
2021-04-16;12:38:01 [scheduling-1] INFO  com.example.showcase.job.UserJob -- User count 2
2021-04-16;12:38:04 [scheduling-1] INFO  com.example.showcase.job.UserJob -- User count 2
2021-04-16;12:38:07 [scheduling-1] INFO  com.example.showcase.job.UserJob -- User count 2
2021-04-16;12:38:10 [scheduling-1] INFO  com.example.showcase.job.UserJob -- User count 2
2021-04-16;12:38:13 [scheduling-1] INFO  com.example.showcase.job.UserJob -- User count 2
2021-04-16;12:38:16 [scheduling-1] INFO  com.example.showcase.job.UserJob -- User count 2
2021-04-16;12:38:19 [scheduling-1] INFO  com.example.showcase.job.UserJob -- User count 2
2021-04-16;12:38:22 [scheduling-1] INFO  com.example.showcase.job.UserJob -- User count 2
2021-04-16;12:38:25 [scheduling-1] INFO  com.example.showcase.job.UserJob -- User count 2
2021-04-16;12:38:28 [scheduling-1] INFO  com.example.showcase.job.UserJob -- User count 2
2021-04-16;12:38:31 [scheduling-1] INFO  com.example.showcase.job.UserJob -- User count 2
2021-04-16;12:38:34 [scheduling-1] INFO  com.example.showcase.job.UserJob -- User count 2
2021-04-16;12:38:37 [scheduling-1] INFO  com.example.showcase.job.UserJob -- User count 2
2021-04-16;12:38:40 [scheduling-1] INFO  com.example.showcase.job.UserJob -- User count 2
2021-04-16;12:38:43 [scheduling-1] INFO  com.example.showcase.job.UserJob -- User count 2
2021-04-16;12:38:46 [scheduling-1] INFO  com.example.showcase.job.UserJob -- User count 2
2021-04-16;12:38:49 [scheduling-1] INFO  com.example.showcase.job.UserJob -- User count 2
2021-04-16;12:38:52 [scheduling-1] INFO  com.example.showcase.job.UserJob -- User count 2
2021-04-16;12:38:55 [scheduling-1] INFO  com.example.showcase.job.UserJob -- User count 2
2021-04-16;12:38:58 [scheduling-1] INFO  com.example.showcase.job.UserJob -- User count 2
2021-04-16;12:39:01 [scheduling-1] INFO  com.example.showcase.job.UserJob -- User count 2
2021-04-16;12:39:04 [scheduling-1] INFO  com.example.showcase.job.UserJob -- User count 2
2021-04-16;12:39:07 [scheduling-1] INFO  com.example.showcase.job.UserJob -- User count 2
2021-04-16;12:39:10 [scheduling-1] INFO  com.example.showcase.job.UserJob -- User count 2
2021-04-16;12:39:13 [scheduling-1] INFO  com.example.showcase.job.UserJob -- User count 2
2021-04-16;12:39:16 [scheduling-1] INFO  com.example.showcase.job.UserJob -- User count 2
2021-04-16;12:39:19 [scheduling-1] INFO  com.example.showcase.job.UserJob -- User count 2
2021-04-16;12:39:22 [scheduling-1] INFO  com.example.showcase.job.UserJob -- User count 2
2021-04-16;12:39:25 [scheduling-1] INFO  com.example.showcase.job.UserJob -- User count 2
2021-04-16;12:39:28 [scheduling-1] INFO  com.example.showcase.job.UserJob -- User count 2
2021-04-16;12:39:31 [scheduling-1] INFO  com.example.showcase.job.UserJob -- User count 2
2021-04-16;12:39:34 [scheduling-1] INFO  com.example.showcase.job.UserJob -- User count 2
2021-04-16;12:39:37 [scheduling-1] INFO  com.example.showcase.job.UserJob -- User count 2
2021-04-16;12:39:40 [scheduling-1] INFO  com.example.showcase.job.UserJob -- User count 2
2021-04-16;12:39:43 [scheduling-1] INFO  com.example.showcase.job.UserJob -- User count 2
2021-04-16;12:39:46 [scheduling-1] INFO  com.example.showcase.job.UserJob -- User count 2
2021-04-16;12:39:49 [scheduling-1] INFO  com.example.showcase.job.UserJob -- User count 2
2021-04-16;12:39:52 [scheduling-1] INFO  com.example.showcase.job.UserJob -- User count 2
2021-04-16;12:39:55 [scheduling-1] INFO  com.example.showcase.job.UserJob -- User count 2
2021-04-16;12:39:58 [scheduling-1] INFO  com.example.showcase.job.UserJob -- User count 2
2021-04-16;12:40:01 [scheduling-1] INFO  com.example.showcase.job.UserJob -- User count 2
2021-04-16;12:40:04 [scheduling-1] INFO  com.example.showcase.job.UserJob -- User count 2
2021-04-16;12:40:07 [scheduling-1] INFO  com.example.showcase.job.UserJob -- User count 2
2021-04-16;12:40:10 [scheduling-1] INFO  com.example.showcase.job.UserJob -- User count 2
2021-04-16;12:40:13 [scheduling-1] INFO  com.example.showcase.job.UserJob -- User count 2
2021-04-16;12:40:16 [scheduling-1] INFO  com.example.showcase.job.UserJob -- User count 2
2021-04-16;12:40:19 [scheduling-1] INFO  com.example.showcase.job.UserJob -- User count 2
2021-04-16;12:40:22 [scheduling-1] INFO  com.example.showcase.job.UserJob -- User count 2
2021-04-16;12:40:25 [scheduling-1] INFO  com.example.showcase.job.UserJob -- User count 2
2021-04-16;12:40:28 [scheduling-1] INFO  com.example.showcase.job.UserJob -- User count 2
2021-04-16;12:40:31 [scheduling-1] INFO  com.example.showcase.job.UserJob -- User count 2
2021-04-16;12:40:34 [scheduling-1] INFO  com.example.showcase.job.UserJob -- User count 2
2021-04-16;12:40:37 [scheduling-1] INFO  com.example.showcase.job.UserJob -- User count 2
2021-04-16;12:40:40 [scheduling-1] INFO  com.example.showcase.job.UserJob -- User count 2
2021-04-16;12:40:43 [scheduling-1] INFO  com.example.showcase.job.UserJob -- User count 2
2021-04-16;12:40:46 [scheduling-1] INFO  com.example.showcase.job.UserJob -- User count 2
2021-04-16;12:40:49 [scheduling-1] INFO  com.example.showcase.job.UserJob -- User count 2
2021-04-16;12:40:52 [scheduling-1] INFO  com.example.showcase.job.UserJob -- User count 2
2021-04-16;12:40:55 [scheduling-1] INFO  com.example.showcase.job.UserJob -- User count 2
2021-04-16;12:40:58 [scheduling-1] INFO  com.example.showcase.job.UserJob -- User count 2
2021-04-16;12:41:01 [scheduling-1] INFO  com.example.showcase.job.UserJob -- User count 2
2021-04-16;12:41:04 [scheduling-1] INFO  com.example.showcase.job.UserJob -- User count 2
2021-04-16;12:41:07 [scheduling-1] INFO  com.example.showcase.job.UserJob -- User count 2
2021-04-16;12:41:10 [scheduling-1] INFO  com.example.showcase.job.UserJob -- User count 2
2021-04-16;12:41:13 [scheduling-1] INFO  com.example.showcase.job.UserJob -- User count 2
2021-04-16;12:41:16 [scheduling-1] INFO  com.example.showcase.job.UserJob -- User count 2
2021-04-16;12:41:19 [scheduling-1] INFO  com.example.showcase.job.UserJob -- User count 2
2021-04-16;12:41:22 [scheduling-1] INFO  com.example.showcase.job.UserJob -- User count 2
2021-04-16;12:41:25 [scheduling-1] INFO  com.example.showcase.job.UserJob -- User count 2
2021-04-16;12:41:28 [scheduling-1] INFO  com.example.showcase.job.UserJob -- User count 2
2021-04-16;12:41:31 [scheduling-1] INFO  com.example.showcase.job.UserJob -- User count 2
2021-04-16;12:41:34 [scheduling-1] INFO  com.example.showcase.job.UserJob -- User count 2
2021-04-16;12:41:37 [scheduling-1] INFO  com.example.showcase.job.UserJob -- User count 2
2021-04-16;12:41:40 [scheduling-1] INFO  com.example.showcase.job.UserJob -- User count 2
2021-04-16;12:41:43 [scheduling-1] INFO  com.example.showcase.job.UserJob -- User count 2
2021-04-16;12:41:46 [scheduling-1] INFO  com.example.showcase.job.UserJob -- User count 2
2021-04-16;12:41:49 [scheduling-1] INFO  com.example.showcase.job.UserJob -- User count 2
